<?xml version="1.0" encoding="UTF-8"?>
<!-- Generated by org.testng.reporters.JUnitReportReporter -->
<testsuite skipped="1" hostname="epagedev" name="com.test.apache.Getprice" tests="1" failures="0" timestamp="06 Aug 2019 08:42:29 GMT" time="0.000" errors="0">
  <testcase name="test" time="0.000" classname="com.test.apache.Getprice">
    <skipped/>
  </testcase> <!-- test -->
</testsuite> <!-- com.test.apache.Getprice -->
